Determining if the function sgemm_ exists failed with the following output:
Change Dir: /home/jiwook/catkin_ws/src/src/build/CMakeFiles/CMakeTmp

Run Build Command(s):/usr/bin/make cmTC_cde17/fast && /usr/bin/make -f CMakeFiles/cmTC_cde17.dir/build.make CMakeFiles/cmTC_cde17.dir/build
make[1]: Entering directory '/home/jiwook/catkin_ws/src/src/build/CMakeFiles/CMakeTmp'
Building C object CMakeFiles/cmTC_cde17.dir/CheckFunctionExists.c.o
/usr/bin/cc   -DCHECK_FUNCTION_EXISTS=sgemm_   -o CMakeFiles/cmTC_cde17.dir/CheckFunctionExists.c.o   -c /usr/share/cmake-3.16/Modules/CheckFunctionExists.c
Linking C executable cmTC_cde17
/usr/bin/cmake -E cmake_link_script CMakeFiles/cmTC_cde17.dir/link.txt --verbose=1
/usr/bin/cc  -DCHECK_FUNCTION_EXISTS=sgemm_    CMakeFiles/cmTC_cde17.dir/CheckFunctionExists.c.o  -o cmTC_cde17 
/usr/bin/ld: CMakeFiles/cmTC_cde17.dir/CheckFunctionExists.c.o: in function `main':
CheckFunctionExists.c:(.text+0x14): undefined reference to `sgemm_'
collect2: error: ld returned 1 exit status
make[1]: *** [CMakeFiles/cmTC_cde17.dir/build.make:87: cmTC_cde17] Error 1
make[1]: Leaving directory '/home/jiwook/catkin_ws/src/src/build/CMakeFiles/CMakeTmp'
make: *** [Makefile:121: cmTC_cde17/fast] Error 2



Performing C SOURCE FILE Test CMAKE_HAVE_LIBC_PTHREAD failed with the following output:
Change Dir: /home/jiwook/catkin_ws/src/src/build/CMakeFiles/CMakeTmp

Run Build Command(s):/usr/bin/make cmTC_b3450/fast && /usr/bin/make -f CMakeFiles/cmTC_b3450.dir/build.make CMakeFiles/cmTC_b3450.dir/build
make[1]: Entering directory '/home/jiwook/catkin_ws/src/src/build/CMakeFiles/CMakeTmp'
Building C object CMakeFiles/cmTC_b3450.dir/src.c.o
/usr/bin/cc   -DCMAKE_HAVE_LIBC_PTHREAD   -o CMakeFiles/cmTC_b3450.dir/src.c.o   -c /home/jiwook/catkin_ws/src/src/build/CMakeFiles/CMakeTmp/src.c
Linking C executable cmTC_b3450
/usr/bin/cmake -E cmake_link_script CMakeFiles/cmTC_b3450.dir/link.txt --verbose=1
/usr/bin/cc  -DCMAKE_HAVE_LIBC_PTHREAD    CMakeFiles/cmTC_b3450.dir/src.c.o  -o cmTC_b3450 
/usr/bin/ld: CMakeFiles/cmTC_b3450.dir/src.c.o: in function `main':
src.c:(.text+0x46): undefined reference to `pthread_create'
/usr/bin/ld: src.c:(.text+0x52): undefined reference to `pthread_detach'
/usr/bin/ld: src.c:(.text+0x63): undefined reference to `pthread_join'
collect2: error: ld returned 1 exit status
make[1]: *** [CMakeFiles/cmTC_b3450.dir/build.make:87: cmTC_b3450] Error 1
make[1]: Leaving directory '/home/jiwook/catkin_ws/src/src/build/CMakeFiles/CMakeTmp'
make: *** [Makefile:121: cmTC_b3450/fast] Error 2


Source file was:
#include <pthread.h>

void* test_func(void* data)
{
  return data;
}

int main(void)
{
  pthread_t thread;
  pthread_create(&thread, NULL, test_func, NULL);
  pthread_detach(thread);
  pthread_join(thread, NULL);
  pthread_atfork(NULL, NULL, NULL);
  pthread_exit(NULL);

  return 0;
}

Determining if the function pthread_create exists in the pthreads failed with the following output:
Change Dir: /home/jiwook/catkin_ws/src/src/build/CMakeFiles/CMakeTmp

Run Build Command(s):/usr/bin/make cmTC_89ed4/fast && /usr/bin/make -f CMakeFiles/cmTC_89ed4.dir/build.make CMakeFiles/cmTC_89ed4.dir/build
make[1]: Entering directory '/home/jiwook/catkin_ws/src/src/build/CMakeFiles/CMakeTmp'
Building C object CMakeFiles/cmTC_89ed4.dir/CheckFunctionExists.c.o
/usr/bin/cc   -DCHECK_FUNCTION_EXISTS=pthread_create   -o CMakeFiles/cmTC_89ed4.dir/CheckFunctionExists.c.o   -c /usr/share/cmake-3.16/Modules/CheckFunctionExists.c
Linking C executable cmTC_89ed4
/usr/bin/cmake -E cmake_link_script CMakeFiles/cmTC_89ed4.dir/link.txt --verbose=1
/usr/bin/cc  -DCHECK_FUNCTION_EXISTS=pthread_create    CMakeFiles/cmTC_89ed4.dir/CheckFunctionExists.c.o  -o cmTC_89ed4  -lpthreads 
/usr/bin/ld: cannot find -lpthreads
collect2: error: ld returned 1 exit status
make[1]: *** [CMakeFiles/cmTC_89ed4.dir/build.make:87: cmTC_89ed4] Error 1
make[1]: Leaving directory '/home/jiwook/catkin_ws/src/src/build/CMakeFiles/CMakeTmp'
make: *** [Makefile:121: cmTC_89ed4/fast] Error 2



Determining if the function cheev_ exists failed with the following output:
Change Dir: /home/jiwook/catkin_ws/src/src/build/CMakeFiles/CMakeTmp

Run Build Command(s):/usr/bin/make cmTC_d341c/fast && /usr/bin/make -f CMakeFiles/cmTC_d341c.dir/build.make CMakeFiles/cmTC_d341c.dir/build
make[1]: Entering directory '/home/jiwook/catkin_ws/src/src/build/CMakeFiles/CMakeTmp'
Building C object CMakeFiles/cmTC_d341c.dir/CheckFunctionExists.c.o
/usr/bin/cc   -DCHECK_FUNCTION_EXISTS=cheev_   -o CMakeFiles/cmTC_d341c.dir/CheckFunctionExists.c.o   -c /usr/share/cmake-3.16/Modules/CheckFunctionExists.c
Linking C executable cmTC_d341c
/usr/bin/cmake -E cmake_link_script CMakeFiles/cmTC_d341c.dir/link.txt --verbose=1
/usr/bin/cc  -DCHECK_FUNCTION_EXISTS=cheev_    CMakeFiles/cmTC_d341c.dir/CheckFunctionExists.c.o  -o cmTC_d341c  /usr/lib/x86_64-linux-gnu/libf77blas.so /usr/lib/x86_64-linux-gnu/libatlas.so 
/usr/bin/ld: CMakeFiles/cmTC_d341c.dir/CheckFunctionExists.c.o: in function `main':
CheckFunctionExists.c:(.text+0x14): undefined reference to `cheev_'
collect2: error: ld returned 1 exit status
make[1]: *** [CMakeFiles/cmTC_d341c.dir/build.make:89: cmTC_d341c] Error 1
make[1]: Leaving directory '/home/jiwook/catkin_ws/src/src/build/CMakeFiles/CMakeTmp'
make: *** [Makefile:121: cmTC_d341c/fast] Error 2



